current directory: /home/david/jekyll/public_service_guide/vendor/bundle/ruby/2.7.0/gems/yajl-ruby-1.1.0/ext/yajl
/home/david/.rvm/rubies/ruby-2.7.5/bin/ruby -I /home/david/.rvm/rubies/ruby-2.7.5/lib/ruby/2.7.0 -r ./siteconf20221231-32080-1gd89v4.rb extconf.rb
creating Makefile

current directory: /home/david/jekyll/public_service_guide/vendor/bundle/ruby/2.7.0/gems/yajl-ruby-1.1.0/ext/yajl
make "DESTDIR=" clean

current directory: /home/david/jekyll/public_service_guide/vendor/bundle/ruby/2.7.0/gems/yajl-ruby-1.1.0/ext/yajl
make "DESTDIR="
compiling yajl.c
compiling yajl_alloc.c
compiling yajl_buf.c
compiling yajl_encode.c
compiling yajl_ext.c
yajl_ext.c: In function ‘yajl_encode_part’:
yajl_ext.c:117:21: warning: variable ‘status’ set but not used [-Wunused-but-set-variable]
  117 |     yajl_gen_status status;
      |                     ^~~~~~
yajl_ext.c: In function ‘rb_yajl_parser_parse’:
yajl_ext.c:442:17: warning: variable ‘stat’ set but not used [-Wunused-but-set-variable]
  442 |     yajl_status stat;
      |                 ^~~~
In file included from /home/david/.rvm/rubies/ruby-2.7.5/include/ruby-2.7.0/ruby.h:33,
                 from yajl_ext.h:32,
                 from yajl_ext.c:24:
yajl_ext.c: In function ‘rb_yajl_encoder_enable_json_gem_ext’:
yajl_ext.c:852:22: error: ‘rb_cFixnum’ undeclared (first use in this function)
  852 |     rb_define_method(rb_cFixnum, "to_json", rb_yajl_json_ext_fixnum_to_json, -1);
      |                      ^~~~~~~~~~
/home/david/.rvm/rubies/ruby-2.7.5/include/ruby-2.7.0/ruby/ruby.h:2801:104: note: in definition of macro ‘rb_define_method’
 2801 | #define rb_define_method(klass, mid, func, arity) rb_define_method_choose_prototypem3((arity),(func))((klass),(mid),(func),(arity));
      |                                                                                                        ^~~~~
yajl_ext.c:852:22: note: each undeclared identifier is reported only once for each function it appears in
  852 |     rb_define_method(rb_cFixnum, "to_json", rb_yajl_json_ext_fixnum_to_json, -1);
      |                      ^~~~~~~~~~
/home/david/.rvm/rubies/ruby-2.7.5/include/ruby-2.7.0/ruby/ruby.h:2801:104: note: in definition of macro ‘rb_define_method’
 2801 | #define rb_define_method(klass, mid, func, arity) rb_define_method_choose_prototypem3((arity),(func))((klass),(mid),(func),(arity));
      |                                                                                                        ^~~~~
make: *** [Makefile:245: yajl_ext.o] Error 1

make failed, exit code 2
